<?xml version="1.0" encoding="UTF-8"?>
<testsuite name="WhisperTest" tests="2" skipped="0" failures="0" errors="0" timestamp="2023-06-05T02:28:45" hostname="SHAWN-XPS15" time="0.001">
  <properties/>
  <testcase name="simpleTest()" classname="WhisperTest" time="0.001"/>
  <testcase name="sampleTest()" classname="WhisperTest" time="0.0"/>
  <system-out><![CDATA[]]></system-out>
  <system-err><![CDATA[]]></system-err>
</testsuite>
