<?xml version="1.0" encoding="UTF-8"?>
<testsuite name="DS8CreateAccountTest" tests="6" skipped="0" failures="0" errors="0" timestamp="2023-06-05T02:28:43" hostname="SHAWN-XPS15" time="0.062">
  <properties/>
  <testcase name="test_4_3_MissingPass2()" classname="DS8CreateAccountTest" time="0.043"/>
  <testcase name="test_4_2_MissingPass1()" classname="DS8CreateAccountTest" time="0.002"/>
  <testcase name="test_2_1_NoExistingEmail()" classname="DS8CreateAccountTest" time="0.003"/>
  <testcase name="test_1_1_UniqueEmailAndPassword()" classname="DS8CreateAccountTest" time="0.003"/>
  <testcase name="test_4_1_MissingEmail()" classname="DS8CreateAccountTest" time="0.002"/>
  <testcase name="test_3_1_DifferentPasswords()" classname="DS8CreateAccountTest" time="0.003"/>
  <system-out><![CDATA[]]></system-out>
  <system-err><![CDATA[]]></system-err>
</testsuite>
